2024-02-14 11:59:31,605 - INFO - {"event": "init_cluster_manager", "cluster_name": "ass2"}
2024-02-14 11:59:32,027 - INFO - {"event": "create_container", "container_id": "51f42f5dfa156ad26ff6f13a0c6137896338455885cc2001f5e10c25955d1034", "hostname": "ass2-container1"}
2024-02-14 11:59:32,446 - INFO - {"event": "create_container", "container_id": "9cd8ce1fd79f8f4e61b3fae2043009f19085d1d5a55165698f693ba4e2c686aa", "hostname": "ass2-container2"}
2024-02-14 11:59:32,863 - INFO - {"event": "create_container", "container_id": "93045c67dc2d6b3924d59a1201b552f52a99c7af8d2957f4b22c130cad07d6c6", "hostname": "ass2-container3"}
2024-02-14 11:59:33,234 - INFO - {"event": "create_container", "container_id": "12235f26a596fd4958318c5f795e3e3a83870cf07dbe6677f3cbb961fc31beb6", "hostname": "ass2-container4"}
2024-02-14 11:59:33,890 - INFO - {"event": "run_command_in_container", "container_id": "51f42f5dfa156ad26ff6f13a0c6137896338455885cc2001f5e10c25955d1034", "command": "python ass2_volume/ass2_process_data.py ass2_volume/ass2_data.pkl 0 25000", "output": "Mean: 50156531.75669205\nVariance: 835738953857654.6\nMax: 99984026.07240392\nMin: 738.7842122620387\n"}
2024-02-14 11:59:33,893 - INFO - {"event": "run_command_in_container", "container_id": "93045c67dc2d6b3924d59a1201b552f52a99c7af8d2957f4b22c130cad07d6c6", "command": "python ass2_volume/ass2_process_data.py ass2_volume/ass2_data.pkl 50000 75000", "output": "Mean: 49817348.509924404\nVariance: 837975957786750.8\nMax: 99992662.8656611\nMin: 2267.0718391176883\n"}
2024-02-14 11:59:33,896 - INFO - {"event": "run_command_in_container", "container_id": "9cd8ce1fd79f8f4e61b3fae2043009f19085d1d5a55165698f693ba4e2c686aa", "command": "python ass2_volume/ass2_process_data.py ass2_volume/ass2_data.pkl 25000 50000", "output": "Mean: 49875927.556482255\nVariance: 841380215987210.0\nMax: 99996232.65892127\nMin: 673.4403050863926\n"}
2024-02-14 11:59:33,896 - INFO - {"event": "run_command_in_container", "container_id": "12235f26a596fd4958318c5f795e3e3a83870cf07dbe6677f3cbb961fc31beb6", "command": "python ass2_volume/ass2_process_data.py ass2_volume/ass2_data.pkl 75000 100000", "output": "Mean: 50001848.422018975\nVariance: 829609868935616.8\nMax: 99999349.28904241\nMin: 5725.086545457764\n"}
2024-02-14 11:59:44,320 - INFO - {"event": "stop_container", "container_id": "51f42f5dfa156ad26ff6f13a0c6137896338455885cc2001f5e10c25955d1034"}
2024-02-14 11:59:54,714 - INFO - {"event": "stop_container", "container_id": "9cd8ce1fd79f8f4e61b3fae2043009f19085d1d5a55165698f693ba4e2c686aa"}
2024-02-14 12:00:05,112 - INFO - {"event": "stop_container", "container_id": "93045c67dc2d6b3924d59a1201b552f52a99c7af8d2957f4b22c130cad07d6c6"}
2024-02-14 12:00:15,480 - INFO - {"event": "stop_container", "container_id": "12235f26a596fd4958318c5f795e3e3a83870cf07dbe6677f3cbb961fc31beb6"}
2024-02-14 12:00:15,504 - INFO - {"event": "delete_container", "container_id": "51f42f5dfa156ad26ff6f13a0c6137896338455885cc2001f5e10c25955d1034"}
2024-02-14 12:00:15,527 - INFO - {"event": "delete_container", "container_id": "9cd8ce1fd79f8f4e61b3fae2043009f19085d1d5a55165698f693ba4e2c686aa"}
2024-02-14 12:00:15,554 - INFO - {"event": "delete_container", "container_id": "93045c67dc2d6b3924d59a1201b552f52a99c7af8d2957f4b22c130cad07d6c6"}
2024-02-14 12:00:15,581 - INFO - {"event": "delete_container", "container_id": "12235f26a596fd4958318c5f795e3e3a83870cf07dbe6677f3cbb961fc31beb6"}
2024-02-14 12:09:47,381 - INFO - {"event": "init_cluster_manager", "cluster_name": "ass2"}
2024-02-14 12:09:47,892 - INFO - {"event": "create_container", "container_id": "2c35e7b9df1b4cc7b7956e4e2ec15ee7d7cad83268524f0b2abe9b79b737ccc1", "hostname": "ass2-container1"}
2024-02-14 12:09:48,577 - INFO - {"event": "create_container", "container_id": "c562676e8249748321806e351715567994572c4eb7f7209210d2eab078c1df3e", "hostname": "ass2-container2"}
2024-02-14 12:09:48,944 - INFO - {"event": "create_container", "container_id": "993b983468693d285388218a8805a216d611a131390fb67d9888694ff40d6eb9", "hostname": "ass2-container3"}
2024-02-14 12:09:49,393 - INFO - {"event": "create_container", "container_id": "198ecb0d94405ed6d73a4b59ae92d40ba3a22eb7a92f4228ff6ba21f9b5326f7", "hostname": "ass2-container4"}
2024-02-14 12:09:49,978 - INFO - {"event": "run_command_in_container", "container_id": "c562676e8249748321806e351715567994572c4eb7f7209210d2eab078c1df3e", "command": "python ass2_volume/ass2_process_data.py ass2_volume/ass2_data.pkl 25000 50000", "exit_code": 0, "output": "Mean: 49875927.556482255\nVariance: 841380215987210.0\nMax: 99996232.65892127\nMin: 673.4403050863926\n"}
2024-02-14 12:09:50,003 - INFO - {"event": "run_command_in_container", "container_id": "2c35e7b9df1b4cc7b7956e4e2ec15ee7d7cad83268524f0b2abe9b79b737ccc1", "command": "python ass2_volume/ass2_process_data.py ass2_volume/ass2_data.pkl 0 25000", "exit_code": 0, "output": "Mean: 50156531.75669205\nVariance: 835738953857654.6\nMax: 99984026.07240392\nMin: 738.7842122620387\n"}
2024-02-14 12:09:50,009 - INFO - {"event": "run_command_in_container", "container_id": "198ecb0d94405ed6d73a4b59ae92d40ba3a22eb7a92f4228ff6ba21f9b5326f7", "command": "python ass2_volume/ass2_process_data.py ass2_volume/ass2_data.pkl 75000 100000", "exit_code": 0, "output": "Mean: 50001848.422018975\nVariance: 829609868935616.8\nMax: 99999349.28904241\nMin: 5725.086545457764\n"}
2024-02-14 12:09:50,013 - INFO - {"event": "run_command_in_container", "container_id": "993b983468693d285388218a8805a216d611a131390fb67d9888694ff40d6eb9", "command": "python ass2_volume/ass2_process_data.py ass2_volume/ass2_data.pkl 50000 75000", "exit_code": 0, "output": "Mean: 49817348.509924404\nVariance: 837975957786750.8\nMax: 99992662.8656611\nMin: 2267.0718391176883\n"}
2024-02-14 12:10:00,375 - INFO - {"event": "stop_container", "container_id": "2c35e7b9df1b4cc7b7956e4e2ec15ee7d7cad83268524f0b2abe9b79b737ccc1"}
2024-02-14 12:10:10,808 - INFO - {"event": "stop_container", "container_id": "c562676e8249748321806e351715567994572c4eb7f7209210d2eab078c1df3e"}
2024-02-14 12:10:21,180 - INFO - {"event": "stop_container", "container_id": "993b983468693d285388218a8805a216d611a131390fb67d9888694ff40d6eb9"}
2024-02-14 12:10:31,565 - INFO - {"event": "stop_container", "container_id": "198ecb0d94405ed6d73a4b59ae92d40ba3a22eb7a92f4228ff6ba21f9b5326f7"}
2024-02-14 12:10:31,590 - INFO - {"event": "delete_container", "container_id": "2c35e7b9df1b4cc7b7956e4e2ec15ee7d7cad83268524f0b2abe9b79b737ccc1"}
2024-02-14 12:10:31,613 - INFO - {"event": "delete_container", "container_id": "c562676e8249748321806e351715567994572c4eb7f7209210d2eab078c1df3e"}
2024-02-14 12:10:31,637 - INFO - {"event": "delete_container", "container_id": "993b983468693d285388218a8805a216d611a131390fb67d9888694ff40d6eb9"}
2024-02-14 12:10:31,664 - INFO - {"event": "delete_container", "container_id": "198ecb0d94405ed6d73a4b59ae92d40ba3a22eb7a92f4228ff6ba21f9b5326f7"}
